{"/home/edward/Desktop/dev/goal-counter/db/query-cache.ts": {"path":"/home/edward/Desktop/dev/goal-counter/db/query-cache.ts","statementMap":{"0":{"start":{"line":16,"column":49},"end":{"line":16,"column":58}},"1":{"start":{"line":22,"column":4},"end":{"line":22,"column":33}},"2":{"start":{"line":25,"column":4},"end":{"line":27,"column":6}},"3":{"start":{"line":26,"column":6},"end":{"line":26,"column":38}},"4":{"start":{"line":34,"column":4},"end":{"line":37,"column":6}},"5":{"start":{"line":39,"column":30},"end":{"line":39,"column":56}},"6":{"start":{"line":40,"column":4},"end":{"line":48,"column":7}},"7":{"start":{"line":41,"column":6},"end":{"line":47,"column":7}},"8":{"start":{"line":42,"column":8},"end":{"line":42,"column":64}},"9":{"start":{"line":43,"column":8},"end":{"line":43,"column":19}},"10":{"start":{"line":45,"column":8},"end":{"line":45,"column":63}},"11":{"start":{"line":49,"column":4},"end":{"line":49,"column":57}},"12":{"start":{"line":56,"column":4},"end":{"line":56,"column":31}},"13":{"start":{"line":63,"column":4},"end":{"line":63,"column":27}},"14":{"start":{"line":68,"column":26},"end":{"line":68,"column":42}}},"fnMap":{"0":{"name":"(anonymous_0)","decl":{"start":{"line":21,"column":2},"end":{"line":21,"column":3}},"loc":{"start":{"line":21,"column":56},"end":{"line":28,"column":3}},"line":21},"1":{"name":"(anonymous_1)","decl":{"start":{"line":25,"column":11},"end":{"line":25,"column":12}},"loc":{"start":{"line":25,"column":17},"end":{"line":27,"column":5}},"line":25},"2":{"name":"(anonymous_2)","decl":{"start":{"line":33,"column":2},"end":{"line":33,"column":3}},"loc":{"start":{"line":33,"column":21},"end":{"line":50,"column":3}},"line":33},"3":{"name":"(anonymous_3)","decl":{"start":{"line":40,"column":30},"end":{"line":40,"column":31}},"loc":{"start":{"line":40,"column":51},"end":{"line":48,"column":5}},"line":40},"4":{"name":"(anonymous_4)","decl":{"start":{"line":55,"column":2},"end":{"line":55,"column":3}},"loc":{"start":{"line":55,"column":31},"end":{"line":57,"column":3}},"line":55},"5":{"name":"(anonymous_5)","decl":{"start":{"line":62,"column":2},"end":{"line":62,"column":3}},"loc":{"start":{"line":62,"column":30},"end":{"line":64,"column":3}},"line":62}},"branchMap":{},"s":{"0":1,"1":24,"2":24,"3":11,"4":11,"5":11,"6":11,"7":20,"8":20,"9":20,"10":1,"11":11,"12":15,"13":12,"14":1},"f":{"0":24,"1":11,"2":11,"3":20,"4":15,"5":12},"b":{},"_coverageSchema":"1a1c01bbd47fc00a2c39e90264f33305004495a9","hash":"8fedc60773b3b1badafa1c5ecbdd54d89be34e98"}
,"/home/edward/Desktop/dev/goal-counter/hooks/use-color-scheme.web.ts": {"path":"/home/edward/Desktop/dev/goal-counter/hooks/use-color-scheme.web.ts","statementMap":{"0":{"start":{"line":8,"column":40},"end":{"line":8,"column":55}},"1":{"start":{"line":10,"column":2},"end":{"line":12,"column":9}},"2":{"start":{"line":11,"column":4},"end":{"line":11,"column":25}},"3":{"start":{"line":14,"column":22},"end":{"line":14,"column":40}},"4":{"start":{"line":16,"column":2},"end":{"line":18,"column":3}},"5":{"start":{"line":17,"column":4},"end":{"line":17,"column":23}},"6":{"start":{"line":20,"column":2},"end":{"line":20,"column":17}}},"fnMap":{"0":{"name":"useColorScheme","decl":{"start":{"line":7,"column":16},"end":{"line":7,"column":30}},"loc":{"start":{"line":7,"column":33},"end":{"line":21,"column":1}},"line":7},"1":{"name":"(anonymous_1)","decl":{"start":{"line":10,"column":12},"end":{"line":10,"column":13}},"loc":{"start":{"line":10,"column":18},"end":{"line":12,"column":3}},"line":10}},"branchMap":{"0":{"loc":{"start":{"line":16,"column":2},"end":{"line":18,"column":3}},"type":"if","locations":[{"start":{"line":16,"column":2},"end":{"line":18,"column":3}},{"start":{},"end":{}}],"line":16}},"s":{"0":54,"1":54,"2":21,"3":54,"4":54,"5":33,"6":21},"f":{"0":54,"1":21},"b":{"0":[33,21]},"_coverageSchema":"1a1c01bbd47fc00a2c39e90264f33305004495a9","hash":"2bbfb79a8f69b015674e34843f81c33e7fa71136"}
,"/home/edward/Desktop/dev/goal-counter/hooks/use-theme-color.ts": {"path":"/home/edward/Desktop/dev/goal-counter/hooks/use-theme-color.ts","statementMap":{"0":{"start":{"line":13,"column":16},"end":{"line":13,"column":43}},"1":{"start":{"line":14,"column":25},"end":{"line":14,"column":37}},"2":{"start":{"line":16,"column":2},"end":{"line":20,"column":3}},"3":{"start":{"line":17,"column":4},"end":{"line":17,"column":26}},"4":{"start":{"line":19,"column":4},"end":{"line":19,"column":36}}},"fnMap":{"0":{"name":"useThemeColor","decl":{"start":{"line":9,"column":16},"end":{"line":9,"column":29}},"loc":{"start":{"line":12,"column":2},"end":{"line":21,"column":1}},"line":12}},"branchMap":{"0":{"loc":{"start":{"line":13,"column":16},"end":{"line":13,"column":43}},"type":"binary-expr","locations":[{"start":{"line":13,"column":16},"end":{"line":13,"column":32}},{"start":{"line":13,"column":36},"end":{"line":13,"column":43}}],"line":13},"1":{"loc":{"start":{"line":16,"column":2},"end":{"line":20,"column":3}},"type":"if","locations":[{"start":{"line":16,"column":2},"end":{"line":20,"column":3}},{"start":{"line":18,"column":9},"end":{"line":20,"column":3}}],"line":16}},"s":{"0":24,"1":24,"2":24,"3":6,"4":18},"f":{"0":24},"b":{"0":[24,2],"1":[6,18]},"_coverageSchema":"1a1c01bbd47fc00a2c39e90264f33305004495a9","hash":"32de451514e7ffce02143928e4b6af27c4d8d251"}
,"/home/edward/Desktop/dev/goal-counter/hooks/useGoalActions.ts": {"path":"/home/edward/Desktop/dev/goal-counter/hooks/useGoalActions.ts","statementMap":{"0":{"start":{"line":9,"column":40},"end":{"line":9,"column":69}},"1":{"start":{"line":10,"column":25},"end":{"line":10,"column":75}},"2":{"start":{"line":16,"column":19},"end":{"line":56,"column":3}},"3":{"start":{"line":21,"column":4},"end":{"line":55,"column":5}},"4":{"start":{"line":23,"column":6},"end":{"line":23,"column":61}},"5":{"start":{"line":25,"column":6},"end":{"line":25,"column":75}},"6":{"start":{"line":27,"column":25},"end":{"line":36,"column":20}},"7":{"start":{"line":38,"column":6},"end":{"line":38,"column":58}},"8":{"start":{"line":41,"column":6},"end":{"line":41,"column":60}},"9":{"start":{"line":42,"column":6},"end":{"line":42,"column":30}},"10":{"start":{"line":43,"column":6},"end":{"line":43,"column":108}},"11":{"start":{"line":45,"column":6},"end":{"line":45,"column":34}},"12":{"start":{"line":48,"column":6},"end":{"line":48,"column":71}},"13":{"start":{"line":48,"column":34},"end":{"line":48,"column":71}},"14":{"start":{"line":50,"column":6},"end":{"line":52,"column":15}},"15":{"start":{"line":51,"column":8},"end":{"line":51,"column":29}},"16":{"start":{"line":54,"column":6},"end":{"line":54,"column":49}},"17":{"start":{"line":61,"column":24},"end":{"line":79,"column":3}},"18":{"start":{"line":62,"column":4},"end":{"line":62,"column":29}},"19":{"start":{"line":62,"column":22},"end":{"line":62,"column":29}},"20":{"start":{"line":64,"column":4},"end":{"line":78,"column":5}},"21":{"start":{"line":65,"column":6},"end":{"line":65,"column":66}},"22":{"start":{"line":68,"column":6},"end":{"line":68,"column":30}},"23":{"start":{"line":70,"column":6},"end":{"line":70,"column":27}},"24":{"start":{"line":72,"column":6},"end":{"line":72,"column":71}},"25":{"start":{"line":72,"column":34},"end":{"line":72,"column":71}},"26":{"start":{"line":75,"column":6},"end":{"line":75,"column":74}},"27":{"start":{"line":77,"column":6},"end":{"line":77,"column":41}},"28":{"start":{"line":81,"column":2},"end":{"line":81,"column":62}}},"fnMap":{"0":{"name":"useGoalActions","decl":{"start":{"line":8,"column":16},"end":{"line":8,"column":30}},"loc":{"start":{"line":8,"column":33},"end":{"line":82,"column":1}},"line":8},"1":{"name":"(anonymous_1)","decl":{"start":{"line":16,"column":19},"end":{"line":16,"column":20}},"loc":{"start":{"line":20,"column":7},"end":{"line":56,"column":3}},"line":20},"2":{"name":"(anonymous_2)","decl":{"start":{"line":50,"column":42},"end":{"line":50,"column":43}},"loc":{"start":{"line":50,"column":48},"end":{"line":52,"column":7}},"line":50},"3":{"name":"(anonymous_3)","decl":{"start":{"line":61,"column":24},"end":{"line":61,"column":25}},"loc":{"start":{"line":61,"column":36},"end":{"line":79,"column":3}},"line":61}},"branchMap":{"0":{"loc":{"start":{"line":19,"column":4},"end":{"line":19,"column":30}},"type":"default-arg","locations":[{"start":{"line":19,"column":26},"end":{"line":19,"column":30}}],"line":19},"1":{"loc":{"start":{"line":48,"column":6},"end":{"line":48,"column":71}},"type":"if","locations":[{"start":{"line":48,"column":6},"end":{"line":48,"column":71}},{"start":{},"end":{}}],"line":48},"2":{"loc":{"start":{"line":62,"column":4},"end":{"line":62,"column":29}},"type":"if","locations":[{"start":{"line":62,"column":4},"end":{"line":62,"column":29}},{"start":{},"end":{}}],"line":62},"3":{"loc":{"start":{"line":72,"column":6},"end":{"line":72,"column":71}},"type":"if","locations":[{"start":{"line":72,"column":6},"end":{"line":72,"column":71}},{"start":{},"end":{}}],"line":72}},"s":{"0":41,"1":41,"2":41,"3":17,"4":17,"5":17,"6":17,"7":16,"8":16,"9":16,"10":16,"11":16,"12":16,"13":1,"14":16,"15":3,"16":1,"17":41,"18":7,"19":1,"20":6,"21":6,"22":5,"23":5,"24":5,"25":5,"26":5,"27":1,"28":41},"f":{"0":41,"1":17,"2":3,"3":7},"b":{"0":[16],"1":[1,15],"2":[1,6],"3":[5,0]},"_coverageSchema":"1a1c01bbd47fc00a2c39e90264f33305004495a9","hash":"2d1ff9c1ceb2b0ad9619df916a67e2e756055481"}
,"/home/edward/Desktop/dev/goal-counter/hooks/useGoalTotal.ts": {"path":"/home/edward/Desktop/dev/goal-counter/hooks/useGoalTotal.ts","statementMap":{"0":{"start":{"line":17,"column":27},"end":{"line":17,"column":48}},"1":{"start":{"line":19,"column":2},"end":{"line":21,"column":3}},"2":{"start":{"line":20,"column":4},"end":{"line":20,"column":30}},"3":{"start":{"line":23,"column":14},"end":{"line":23,"column":24}},"4":{"start":{"line":25,"column":2},"end":{"line":37,"column":3}},"5":{"start":{"line":27,"column":4},"end":{"line":33,"column":15}},"6":{"start":{"line":28,"column":6},"end":{"line":28,"column":64}},"7":{"start":{"line":29,"column":9},"end":{"line":33,"column":15}},"8":{"start":{"line":30,"column":6},"end":{"line":30,"column":65}},"9":{"start":{"line":31,"column":9},"end":{"line":33,"column":15}},"10":{"start":{"line":32,"column":6},"end":{"line":32,"column":66}},"11":{"start":{"line":33,"column":9},"end":{"line":33,"column":15}},"12":{"start":{"line":35,"column":4},"end":{"line":35,"column":37}},"13":{"start":{"line":35,"column":31},"end":{"line":35,"column":37}},"14":{"start":{"line":36,"column":4},"end":{"line":36,"column":41}},"15":{"start":{"line":39,"column":2},"end":{"line":39,"column":28}},"16":{"start":{"line":43,"column":28},"end":{"line":43,"column":47}},"17":{"start":{"line":44,"column":46},"end":{"line":44,"column":57}},"18":{"start":{"line":47,"column":22},"end":{"line":50,"column":3}},"19":{"start":{"line":48,"column":4},"end":{"line":48,"column":54}},"20":{"start":{"line":48,"column":31},"end":{"line":48,"column":54}},"21":{"start":{"line":49,"column":4},"end":{"line":49,"column":60}},"22":{"start":{"line":53,"column":22},"end":{"line":56,"column":64}},"23":{"start":{"line":54,"column":20},"end":{"line":54,"column":57}},"24":{"start":{"line":55,"column":4},"end":{"line":55,"column":79}},"25":{"start":{"line":59,"column":21},"end":{"line":78,"column":28}},"26":{"start":{"line":60,"column":4},"end":{"line":77,"column":5}},"27":{"start":{"line":61,"column":6},"end":{"line":61,"column":100}},"28":{"start":{"line":63,"column":21},"end":{"line":68,"column":9}},"29":{"start":{"line":70,"column":23},"end":{"line":70,"column":54}},"30":{"start":{"line":71,"column":6},"end":{"line":71,"column":106}},"31":{"start":{"line":73,"column":6},"end":{"line":73,"column":25}},"32":{"start":{"line":75,"column":6},"end":{"line":75,"column":65}},"33":{"start":{"line":76,"column":6},"end":{"line":76,"column":18}},"34":{"start":{"line":81,"column":2},"end":{"line":84,"column":19}},"35":{"start":{"line":82,"column":4},"end":{"line":82,"column":67}},"36":{"start":{"line":83,"column":4},"end":{"line":83,"column":17}},"37":{"start":{"line":87,"column":2},"end":{"line":97,"column":28}},"38":{"start":{"line":88,"column":4},"end":{"line":88,"column":80}},"39":{"start":{"line":89,"column":24},"end":{"line":92,"column":6}},"40":{"start":{"line":90,"column":6},"end":{"line":90,"column":85}},"41":{"start":{"line":91,"column":6},"end":{"line":91,"column":19}},"42":{"start":{"line":93,"column":4},"end":{"line":96,"column":6}},"43":{"start":{"line":94,"column":6},"end":{"line":94,"column":86}},"44":{"start":{"line":95,"column":6},"end":{"line":95,"column":20}},"45":{"start":{"line":99,"column":2},"end":{"line":99,"column":15}}},"fnMap":{"0":{"name":"calculatePeriodStart","decl":{"start":{"line":12,"column":9},"end":{"line":12,"column":29}},"loc":{"start":{"line":16,"column":8},"end":{"line":40,"column":1}},"line":16},"1":{"name":"useGoalTotal","decl":{"start":{"line":42,"column":16},"end":{"line":42,"column":28}},"loc":{"start":{"line":42,"column":40},"end":{"line":100,"column":1}},"line":42},"2":{"name":"(anonymous_2)","decl":{"start":{"line":47,"column":22},"end":{"line":47,"column":23}},"loc":{"start":{"line":47,"column":48},"end":{"line":50,"column":3}},"line":47},"3":{"name":"(anonymous_3)","decl":{"start":{"line":53,"column":30},"end":{"line":53,"column":31}},"loc":{"start":{"line":53,"column":36},"end":{"line":56,"column":3}},"line":53},"4":{"name":"(anonymous_4)","decl":{"start":{"line":59,"column":33},"end":{"line":59,"column":34}},"loc":{"start":{"line":59,"column":45},"end":{"line":78,"column":3}},"line":59},"5":{"name":"(anonymous_5)","decl":{"start":{"line":81,"column":12},"end":{"line":81,"column":13}},"loc":{"start":{"line":81,"column":18},"end":{"line":84,"column":3}},"line":81},"6":{"name":"(anonymous_6)","decl":{"start":{"line":87,"column":12},"end":{"line":87,"column":13}},"loc":{"start":{"line":87,"column":18},"end":{"line":97,"column":3}},"line":87},"7":{"name":"(anonymous_7)","decl":{"start":{"line":89,"column":45},"end":{"line":89,"column":46}},"loc":{"start":{"line":89,"column":51},"end":{"line":92,"column":5}},"line":89},"8":{"name":"(anonymous_8)","decl":{"start":{"line":93,"column":11},"end":{"line":93,"column":12}},"loc":{"start":{"line":93,"column":17},"end":{"line":96,"column":5}},"line":93}},"branchMap":{"0":{"loc":{"start":{"line":19,"column":2},"end":{"line":21,"column":3}},"type":"if","locations":[{"start":{"line":19,"column":2},"end":{"line":21,"column":3}},{"start":{},"end":{}}],"line":19},"1":{"loc":{"start":{"line":19,"column":6},"end":{"line":19,"column":45}},"type":"binary-expr","locations":[{"start":{"line":19,"column":6},"end":{"line":19,"column":26}},{"start":{"line":19,"column":30},"end":{"line":19,"column":45}}],"line":19},"2":{"loc":{"start":{"line":27,"column":4},"end":{"line":33,"column":15}},"type":"if","locations":[{"start":{"line":27,"column":4},"end":{"line":33,"column":15}},{"start":{"line":29,"column":9},"end":{"line":33,"column":15}}],"line":27},"3":{"loc":{"start":{"line":29,"column":9},"end":{"line":33,"column":15}},"type":"if","locations":[{"start":{"line":29,"column":9},"end":{"line":33,"column":15}},{"start":{"line":31,"column":9},"end":{"line":33,"column":15}}],"line":29},"4":{"loc":{"start":{"line":31,"column":9},"end":{"line":33,"column":15}},"type":"if","locations":[{"start":{"line":31,"column":9},"end":{"line":33,"column":15}},{"start":{"line":33,"column":9},"end":{"line":33,"column":15}}],"line":31},"5":{"loc":{"start":{"line":35,"column":4},"end":{"line":35,"column":37}},"type":"if","locations":[{"start":{"line":35,"column":4},"end":{"line":35,"column":37}},{"start":{},"end":{}}],"line":35},"6":{"loc":{"start":{"line":48,"column":4},"end":{"line":48,"column":54}},"type":"if","locations":[{"start":{"line":48,"column":4},"end":{"line":48,"column":54}},{"start":{},"end":{}}],"line":48},"7":{"loc":{"start":{"line":49,"column":11},"end":{"line":49,"column":59}},"type":"cond-expr","locations":[{"start":{"line":49,"column":39},"end":{"line":49,"column":51}},{"start":{"line":49,"column":54},"end":{"line":49,"column":59}}],"line":49},"8":{"loc":{"start":{"line":55,"column":41},"end":{"line":55,"column":61}},"type":"binary-expr","locations":[{"start":{"line":55,"column":41},"end":{"line":55,"column":56}},{"start":{"line":55,"column":60},"end":{"line":55,"column":61}}],"line":55},"9":{"loc":{"start":{"line":70,"column":30},"end":{"line":70,"column":53}},"type":"binary-expr","locations":[{"start":{"line":70,"column":30},"end":{"line":70,"column":48}},{"start":{"line":70,"column":52},"end":{"line":70,"column":53}}],"line":70}},"s":{"0":20,"1":20,"2":1,"3":19,"4":19,"5":6542,"6":6428,"7":114,"8":102,"9":12,"10":12,"11":0,"12":6542,"13":19,"14":6523,"15":19,"16":36,"17":36,"18":36,"19":20,"20":18,"21":2,"22":36,"23":20,"24":20,"25":36,"26":21,"27":21,"28":21,"29":20,"30":20,"31":20,"32":1,"33":1,"34":36,"35":20,"36":20,"37":36,"38":20,"39":20,"40":1,"41":1,"42":20,"43":20,"44":20,"45":36},"f":{"0":20,"1":36,"2":20,"3":20,"4":21,"5":20,"6":20,"7":1,"8":20},"b":{"0":[1,19],"1":[20,19],"2":[6428,114],"3":[102,12],"4":[12,0],"5":[19,6523],"6":[18,2],"7":[1,1],"8":[20,1],"9":[20,2]},"_coverageSchema":"1a1c01bbd47fc00a2c39e90264f33305004495a9","hash":"c7760ddc4629642b3f9d6f00974ed52ea5fd766e"}
,"/home/edward/Desktop/dev/goal-counter/utils/date-logic.ts": {"path":"/home/edward/Desktop/dev/goal-counter/utils/date-logic.ts","statementMap":{"0":{"start":{"line":15,"column":34},"end":{"line":42,"column":1}},"1":{"start":{"line":20,"column":2},"end":{"line":20,"column":44}},"2":{"start":{"line":20,"column":32},"end":{"line":20,"column":44}},"3":{"start":{"line":23,"column":21},"end":{"line":23,"column":42}},"4":{"start":{"line":26,"column":2},"end":{"line":38,"column":3}},"5":{"start":{"line":28,"column":6},"end":{"line":28,"column":53}},"6":{"start":{"line":29,"column":6},"end":{"line":29,"column":12}},"7":{"start":{"line":31,"column":6},"end":{"line":31,"column":54}},"8":{"start":{"line":32,"column":6},"end":{"line":32,"column":12}},"9":{"start":{"line":34,"column":6},"end":{"line":34,"column":55}},"10":{"start":{"line":35,"column":6},"end":{"line":35,"column":12}},"11":{"start":{"line":37,"column":6},"end":{"line":37,"column":18}},"12":{"start":{"line":41,"column":2},"end":{"line":41,"column":19}},"13":{"start":{"line":47,"column":32},"end":{"line":62,"column":1}},"14":{"start":{"line":48,"column":2},"end":{"line":48,"column":28}},"15":{"start":{"line":48,"column":18},"end":{"line":48,"column":28}},"16":{"start":{"line":50,"column":14},"end":{"line":50,"column":24}},"17":{"start":{"line":51,"column":24},"end":{"line":51,"column":59}},"18":{"start":{"line":53,"column":2},"end":{"line":53,"column":48}},"19":{"start":{"line":53,"column":26},"end":{"line":53,"column":48}},"20":{"start":{"line":55,"column":15},"end":{"line":55,"column":48}},"21":{"start":{"line":56,"column":16},"end":{"line":56,"column":58}},"22":{"start":{"line":57,"column":18},"end":{"line":57,"column":57}},"23":{"start":{"line":59,"column":2},"end":{"line":59,"column":44}},"24":{"start":{"line":59,"column":16},"end":{"line":59,"column":44}},"25":{"start":{"line":60,"column":2},"end":{"line":60,"column":48}},"26":{"start":{"line":60,"column":17},"end":{"line":60,"column":48}},"27":{"start":{"line":61,"column":2},"end":{"line":61,"column":33}}},"fnMap":{"0":{"name":"(anonymous_0)","decl":{"start":{"line":15,"column":34},"end":{"line":15,"column":35}},"loc":{"start":{"line":19,"column":18},"end":{"line":42,"column":1}},"line":19},"1":{"name":"(anonymous_1)","decl":{"start":{"line":47,"column":32},"end":{"line":47,"column":33}},"loc":{"start":{"line":47,"column":68},"end":{"line":62,"column":1}},"line":47}},"branchMap":{"0":{"loc":{"start":{"line":20,"column":2},"end":{"line":20,"column":44}},"type":"if","locations":[{"start":{"line":20,"column":2},"end":{"line":20,"column":44}},{"start":{},"end":{}}],"line":20},"1":{"loc":{"start":{"line":20,"column":6},"end":{"line":20,"column":30}},"type":"binary-expr","locations":[{"start":{"line":20,"column":6},"end":{"line":20,"column":21}},{"start":{"line":20,"column":25},"end":{"line":20,"column":30}}],"line":20},"2":{"loc":{"start":{"line":26,"column":2},"end":{"line":38,"column":3}},"type":"switch","locations":[{"start":{"line":27,"column":4},"end":{"line":29,"column":12}},{"start":{"line":30,"column":4},"end":{"line":32,"column":12}},{"start":{"line":33,"column":4},"end":{"line":35,"column":12}},{"start":{"line":36,"column":4},"end":{"line":37,"column":18}}],"line":26},"3":{"loc":{"start":{"line":48,"column":2},"end":{"line":48,"column":28}},"type":"if","locations":[{"start":{"line":48,"column":2},"end":{"line":48,"column":28}},{"start":{},"end":{}}],"line":48},"4":{"loc":{"start":{"line":53,"column":2},"end":{"line":53,"column":48}},"type":"if","locations":[{"start":{"line":53,"column":2},"end":{"line":53,"column":48}},{"start":{},"end":{}}],"line":53},"5":{"loc":{"start":{"line":59,"column":2},"end":{"line":59,"column":44}},"type":"if","locations":[{"start":{"line":59,"column":2},"end":{"line":59,"column":44}},{"start":{},"end":{}}],"line":59},"6":{"loc":{"start":{"line":60,"column":2},"end":{"line":60,"column":48}},"type":"if","locations":[{"start":{"line":60,"column":2},"end":{"line":60,"column":48}},{"start":{},"end":{}}],"line":60}},"s":{"0":1,"1":19,"2":3,"3":16,"4":16,"5":7,"6":7,"7":3,"8":3,"9":5,"10":5,"11":1,"12":15,"13":1,"14":20,"15":2,"16":18,"17":18,"18":18,"19":2,"20":16,"21":16,"22":16,"23":16,"24":5,"25":11,"26":6,"27":5},"f":{"0":19,"1":20},"b":{"0":[3,16],"1":[19,18],"2":[7,3,5,1],"3":[2,18],"4":[2,16],"5":[5,11],"6":[6,5]},"_coverageSchema":"1a1c01bbd47fc00a2c39e90264f33305004495a9","hash":"30e9b81d1289dc4be2d936125643d5c6fc4aa609"}
}
