TN:
SF:db/query-cache.ts
FN:21,(anonymous_0)
FN:25,(anonymous_1)
FN:33,(anonymous_2)
FN:40,(anonymous_3)
FN:55,(anonymous_4)
FN:62,(anonymous_5)
FNF:6
FNH:6
FNDA:24,(anonymous_0)
FNDA:11,(anonymous_1)
FNDA:11,(anonymous_2)
FNDA:20,(anonymous_3)
FNDA:15,(anonymous_4)
FNDA:12,(anonymous_5)
DA:16,1
DA:22,24
DA:25,24
DA:26,11
DA:34,11
DA:39,11
DA:40,11
DA:41,20
DA:42,20
DA:43,20
DA:45,1
DA:49,11
DA:56,15
DA:63,12
DA:68,1
LF:15
LH:15
BRF:0
BRH:0
end_of_record
TN:
SF:hooks/use-color-scheme.web.ts
FN:7,useColorScheme
FN:10,(anonymous_1)
FNF:2
FNH:2
FNDA:54,useColorScheme
FNDA:21,(anonymous_1)
DA:8,54
DA:10,54
DA:11,21
DA:14,54
DA:16,54
DA:17,33
DA:20,21
LF:7
LH:7
BRDA:16,0,0,33
BRDA:16,0,1,21
BRF:2
BRH:2
end_of_record
TN:
SF:hooks/use-theme-color.ts
FN:9,useThemeColor
FNF:1
FNH:1
FNDA:24,useThemeColor
DA:13,24
DA:14,24
DA:16,24
DA:17,6
DA:19,18
LF:5
LH:5
BRDA:13,0,0,24
BRDA:13,0,1,2
BRDA:16,1,0,6
BRDA:16,1,1,18
BRF:4
BRH:4
end_of_record
TN:
SF:hooks/useGoalActions.ts
FN:8,useGoalActions
FN:16,(anonymous_1)
FN:50,(anonymous_2)
FN:61,(anonymous_3)
FNF:4
FNH:4
FNDA:41,useGoalActions
FNDA:17,(anonymous_1)
FNDA:3,(anonymous_2)
FNDA:7,(anonymous_3)
DA:9,41
DA:10,41
DA:16,41
DA:21,17
DA:23,17
DA:25,17
DA:27,17
DA:38,16
DA:41,16
DA:42,16
DA:43,16
DA:45,16
DA:48,16
DA:50,16
DA:51,3
DA:54,1
DA:61,41
DA:62,7
DA:64,6
DA:65,6
DA:68,5
DA:70,5
DA:72,5
DA:75,5
DA:77,1
DA:81,41
LF:26
LH:26
BRDA:19,0,0,16
BRDA:48,1,0,1
BRDA:48,1,1,15
BRDA:62,2,0,1
BRDA:62,2,1,6
BRDA:72,3,0,5
BRDA:72,3,1,0
BRF:7
BRH:6
end_of_record
TN:
SF:hooks/useGoalTotal.ts
FN:12,calculatePeriodStart
FN:42,useGoalTotal
FN:47,(anonymous_2)
FN:53,(anonymous_3)
FN:59,(anonymous_4)
FN:81,(anonymous_5)
FN:87,(anonymous_6)
FN:89,(anonymous_7)
FN:93,(anonymous_8)
FNF:9
FNH:9
FNDA:20,calculatePeriodStart
FNDA:36,useGoalTotal
FNDA:20,(anonymous_2)
FNDA:20,(anonymous_3)
FNDA:21,(anonymous_4)
FNDA:20,(anonymous_5)
FNDA:20,(anonymous_6)
FNDA:1,(anonymous_7)
FNDA:20,(anonymous_8)
DA:17,20
DA:19,20
DA:20,1
DA:23,19
DA:25,19
DA:27,6542
DA:28,6428
DA:29,114
DA:30,102
DA:31,12
DA:32,12
DA:33,0
DA:35,6542
DA:36,6523
DA:39,19
DA:43,36
DA:44,36
DA:47,36
DA:48,20
DA:49,2
DA:53,36
DA:54,20
DA:55,20
DA:59,36
DA:60,21
DA:61,21
DA:63,21
DA:70,20
DA:71,20
DA:73,20
DA:75,1
DA:76,1
DA:81,36
DA:82,20
DA:83,20
DA:87,36
DA:88,20
DA:89,20
DA:90,1
DA:91,1
DA:93,20
DA:94,20
DA:95,20
DA:99,36
LF:44
LH:43
BRDA:19,0,0,1
BRDA:19,0,1,19
BRDA:19,1,0,20
BRDA:19,1,1,19
BRDA:27,2,0,6428
BRDA:27,2,1,114
BRDA:29,3,0,102
BRDA:29,3,1,12
BRDA:31,4,0,12
BRDA:31,4,1,0
BRDA:35,5,0,19
BRDA:35,5,1,6523
BRDA:48,6,0,18
BRDA:48,6,1,2
BRDA:49,7,0,1
BRDA:49,7,1,1
BRDA:55,8,0,20
BRDA:55,8,1,1
BRDA:70,9,0,20
BRDA:70,9,1,2
BRF:20
BRH:19
end_of_record
TN:
SF:utils/date-logic.ts
FN:15,(anonymous_0)
FN:47,(anonymous_1)
FNF:2
FNH:2
FNDA:19,(anonymous_0)
FNDA:20,(anonymous_1)
DA:15,1
DA:20,19
DA:23,16
DA:26,16
DA:28,7
DA:29,7
DA:31,3
DA:32,3
DA:34,5
DA:35,5
DA:37,1
DA:41,15
DA:47,1
DA:48,20
DA:50,18
DA:51,18
DA:53,18
DA:55,16
DA:56,16
DA:57,16
DA:59,16
DA:60,11
DA:61,5
LF:23
LH:23
BRDA:20,0,0,3
BRDA:20,0,1,16
BRDA:20,1,0,19
BRDA:20,1,1,18
BRDA:26,2,0,7
BRDA:26,2,1,3
BRDA:26,2,2,5
BRDA:26,2,3,1
BRDA:48,3,0,2
BRDA:48,3,1,18
BRDA:53,4,0,2
BRDA:53,4,1,16
BRDA:59,5,0,5
BRDA:59,5,1,11
BRDA:60,6,0,6
BRDA:60,6,1,5
BRF:16
BRH:16
end_of_record
